{
  "stats": {
    "suites": 4,
    "tests": 4,
    "passes": 4,
    "pending": 0,
    "failures": 0,
    "testsRegistered": 4,
    "passPercent": 100,
    "pendingPercent": 0,
    "other": 0,
    "hasOther": false,
    "skipped": 0,
    "hasSkipped": false,
    "start": "2025-12-18T11:04:21.107Z",
    "end": "2025-12-18T11:05:29.053Z",
    "duration": 67946
  },
  "results": [
    {
      "uuid": "f24708d5-ae98-4ba8-b369-2f47fb761762",
      "title": "",
      "fullFile": "G:\\work\\Customers\\CodeScene\\cs-ast\\out\\tests\\csext.healthmon.test.js",
      "file": "\\out\\tests\\csext.healthmon.test.js",
      "beforeHooks": [
        {
          "title": "\"before all\" hook in \"{root}\"",
          "fullTitle": "\"before all\" hook in \"{root}\"",
          "timedOut": false,
          "duration": 2965,
          "state": null,
          "speed": null,
          "pass": false,
          "fail": false,
          "pending": false,
          "context": null,
          "code": "this.timeout(180000);\nif (code.coverageEnabled) {\n    coverage = new coverage_1.Coverage();\n    await coverage.loadConfig();\n    process.env.NODE_V8_COVERAGE = coverage?.targetDir;\n}\nconst start = Date.now();\nconst binPath = process.platform === 'darwin' ? await self.createShortcut(code.getCodeFolder(), self.tmpLink) : self.chromeBin;\nawait browser.start(binPath);\nawait browser.openResources(...resources);\nawait browser.waitForWorkbench();\nconsole.log(`Browser ready in ${Date.now() - start} ms`);\nconsole.log('Launching tests...');",
          "err": {},
          "uuid": "a292931d-7938-4805-9723-be2b74ac7e29",
          "parentUUID": "f24708d5-ae98-4ba8-b369-2f47fb761762",
          "isHook": true,
          "skipped": false
        }
      ],
      "afterHooks": [
        {
          "title": "\"after all\" hook in \"{root}\"",
          "fullTitle": "\"after all\" hook in \"{root}\"",
          "timedOut": false,
          "duration": 454,
          "state": null,
          "speed": null,
          "pass": false,
          "fail": false,
          "pending": false,
          "context": null,
          "code": "this.timeout(180000);\nawait browser.quit();\nif (process.platform === 'darwin') {\n    if (await fs.pathExists(self.tmpLink)) {\n        try {\n            fs.unlinkSync(self.tmpLink);\n        }\n        catch (err) {\n            console.log(err);\n        }\n    }\n}\nif (code.coverageEnabled) {\n    await coverage?.write();\n}\ncode.uninstallExtension(self.cleanup);",
          "err": {},
          "uuid": "f3202d45-d67b-416a-b338-4186bbef20e2",
          "parentUUID": "f24708d5-ae98-4ba8-b369-2f47fb761762",
          "isHook": true,
          "skipped": false
        },
        {
          "title": "\"after each\" hook in \"{root}\"",
          "fullTitle": "\"after each\" hook in \"{root}\"",
          "timedOut": false,
          "duration": 0,
          "state": null,
          "speed": null,
          "pass": false,
          "fail": false,
          "pending": false,
          "context": null,
          "code": "if (this.currentTest && this.currentTest.state !== 'passed') {\n    try {\n        const filename = (0, sanitize_filename_1.default)(this.currentTest.fullTitle());\n        await browser.takeScreenshot(filename);\n    }\n    catch (err) {\n        console.log('Screenshot capture failed.', err);\n    }\n}",
          "err": {},
          "uuid": "c07ce112-dd55-4191-8d06-8229422cfbcf",
          "parentUUID": "f24708d5-ae98-4ba8-b369-2f47fb761762",
          "isHook": true,
          "skipped": false
        }
      ],
      "tests": [],
      "suites": [
        {
          "uuid": "b0646bd8-4269-4d2d-bfd6-080e479bdda7",
          "title": "CodeScene Ext Health Monitor",
          "fullFile": "G:\\work\\Customers\\CodeScene\\cs-ast\\out\\tests\\csext.healthmon.test.js",
          "file": "\\out\\tests\\csext.healthmon.test.js",
          "beforeHooks": [
            {
              "title": "\"before all\" hook in \"CodeScene Ext Health Monitor\"",
              "fullTitle": "CodeScene Ext Health Monitor \"before all\" hook in \"CodeScene Ext Health Monitor\"",
              "timedOut": false,
              "duration": 3257,
              "state": null,
              "speed": null,
              "pass": false,
              "fail": false,
              "pending": false,
              "context": null,
              "code": "await vscode_extension_tester_1.VSBrowser.instance.openResources(projectDir);\nawait (0, generic_1.commandExecute)(projectDir, 'git', 'restore', '.');\nawait (0, generic_1.applyVSCodeWindowUpdate)();",
              "err": {},
              "uuid": "d1ff511f-4867-4a1a-a358-3a4b6c57ae6e",
              "parentUUID": "b0646bd8-4269-4d2d-bfd6-080e479bdda7",
              "isHook": true,
              "skipped": false
            }
          ],
          "afterHooks": [
            {
              "title": "\"after each\" hook in \"CodeScene Ext Health Monitor\"",
              "fullTitle": "CodeScene Ext Health Monitor \"after each\" hook in \"CodeScene Ext Health Monitor\"",
              "timedOut": false,
              "duration": 215,
              "state": null,
              "speed": null,
              "pass": false,
              "fail": false,
              "pending": false,
              "context": null,
              "code": "await (0, generic_1.commandExecute)(projectDir, 'git', 'restore', '.');",
              "err": {},
              "uuid": "7757d619-c9dc-4f37-8c5c-9125f2ebda4a",
              "parentUUID": "b0646bd8-4269-4d2d-bfd6-080e479bdda7",
              "isHook": true,
              "skipped": false
            }
          ],
          "tests": [
            {
              "title": "Verify CS Health Monitor analysis for file update",
              "fullTitle": "CodeScene Ext Health Monitor Verify CS Health Monitor analysis for file update",
              "timedOut": false,
              "duration": 17168,
              "state": "passed",
              "speed": "slow",
              "pass": true,
              "fail": false,
              "pending": false,
              "context": null,
              "code": "await (0, workbench_1.workbenchCSHealthMonitorOpen)();\nawait (0, workbench_1.workbenchExplorerOpen)();\nawait (0, explorer_1.explorerFileEdit)(['Controllers', 'SessionController'], { fromLine: 8, toLine: 8, snippet: '\\n\\n\\n' });\nawait (0, workbench_1.workbenchCSHealthMonitorOpen)();\nconst csHealthMonitor = await new cshealthmonitor_page_1.CSHealthMonitorPage().init();\n(0, chai_1.expect)(await (await csHealthMonitor.find('title')).getText()).to.contain('Health Monitor');\nconst performance = await (0, generic_1.measurePerformance)(async () => {\n    await (0, repeat_1.runWithRetry)(async () => {\n        (0, chai_1.expect)(await csHealthMonitor.find('noCodeImpact', false)).to.be.undefined;\n        (0, chai_1.expect)(await csHealthMonitor.find('negativeCodeImpact')).to.exist;\n        (0, chai_1.expect)(await csHealthMonitor.find('impactFile [matching: SessionController]')).to.exist;\n    });\n});\n(0, chai_1.expect)(performance).to.be.below(5000);\n// Simulate user reading the analysis\n// Verify that Health Monitor is still visible\nawait (0, generic_1.pauseTest)(10000);\n(0, chai_1.expect)(await (await csHealthMonitor.find('title')).getText()).to.contain('Health Monitor');",
              "err": {},
              "uuid": "758faec7-e169-4874-980e-ee0c5efa1e89",
              "parentUUID": "b0646bd8-4269-4d2d-bfd6-080e479bdda7",
              "isHook": false,
              "skipped": false
            }
          ],
          "suites": [],
          "passes": [
            "758faec7-e169-4874-980e-ee0c5efa1e89"
          ],
          "failures": [],
          "pending": [],
          "skipped": [],
          "duration": 17168,
          "root": false,
          "rootEmpty": false,
          "_timeout": 60000000
        }
      ],
      "passes": [],
      "failures": [],
      "pending": [],
      "skipped": [],
      "duration": 0,
      "root": true,
      "rootEmpty": true,
      "_timeout": 60000000
    },
    {
      "uuid": "e255dd60-6e56-4f1c-a5a6-b07d02300b48",
      "title": "",
      "fullFile": "G:\\work\\Customers\\CodeScene\\cs-ast\\out\\tests\\csext.test.js",
      "file": "\\out\\tests\\csext.test.js",
      "beforeHooks": [
        {
          "title": "\"before all\" hook in \"{root}\"",
          "fullTitle": "\"before all\" hook in \"{root}\"",
          "timedOut": false,
          "duration": 2694,
          "state": null,
          "speed": null,
          "pass": false,
          "fail": false,
          "pending": false,
          "context": null,
          "code": "this.timeout(180000);\nif (code.coverageEnabled) {\n    coverage = new coverage_1.Coverage();\n    await coverage.loadConfig();\n    process.env.NODE_V8_COVERAGE = coverage?.targetDir;\n}\nconst start = Date.now();\nconst binPath = process.platform === 'darwin' ? await self.createShortcut(code.getCodeFolder(), self.tmpLink) : self.chromeBin;\nawait browser.start(binPath);\nawait browser.openResources(...resources);\nawait browser.waitForWorkbench();\nconsole.log(`Browser ready in ${Date.now() - start} ms`);\nconsole.log('Launching tests...');",
          "err": {},
          "uuid": "d3ab7e50-079e-40bd-bac3-fb4789e674da",
          "parentUUID": "e255dd60-6e56-4f1c-a5a6-b07d02300b48",
          "isHook": true,
          "skipped": false
        }
      ],
      "afterHooks": [
        {
          "title": "\"after all\" hook in \"{root}\"",
          "fullTitle": "\"after all\" hook in \"{root}\"",
          "timedOut": false,
          "duration": 286,
          "state": null,
          "speed": null,
          "pass": false,
          "fail": false,
          "pending": false,
          "context": null,
          "code": "this.timeout(180000);\nawait browser.quit();\nif (process.platform === 'darwin') {\n    if (await fs.pathExists(self.tmpLink)) {\n        try {\n            fs.unlinkSync(self.tmpLink);\n        }\n        catch (err) {\n            console.log(err);\n        }\n    }\n}\nif (code.coverageEnabled) {\n    await coverage?.write();\n}\ncode.uninstallExtension(self.cleanup);",
          "err": {},
          "uuid": "6a173712-24e3-4c84-904b-0486d7b68ed3",
          "parentUUID": "e255dd60-6e56-4f1c-a5a6-b07d02300b48",
          "isHook": true,
          "skipped": false
        },
        {
          "title": "\"after each\" hook in \"{root}\"",
          "fullTitle": "\"after each\" hook in \"{root}\"",
          "timedOut": false,
          "duration": 1,
          "state": null,
          "speed": null,
          "pass": false,
          "fail": false,
          "pending": false,
          "context": null,
          "code": "if (this.currentTest && this.currentTest.state !== 'passed') {\n    try {\n        const filename = (0, sanitize_filename_1.default)(this.currentTest.fullTitle());\n        await browser.takeScreenshot(filename);\n    }\n    catch (err) {\n        console.log('Screenshot capture failed.', err);\n    }\n}",
          "err": {},
          "uuid": "cce5b2e0-f3fd-4d64-b61a-9e619c469cd0",
          "parentUUID": "e255dd60-6e56-4f1c-a5a6-b07d02300b48",
          "isHook": true,
          "skipped": false
        }
      ],
      "tests": [],
      "suites": [
        {
          "uuid": "8d0b79ce-0b5e-4bcd-b915-391fb2c2d4f0",
          "title": "CodeScene Ext smoke test",
          "fullFile": "G:\\work\\Customers\\CodeScene\\cs-ast\\out\\tests\\csext.test.js",
          "file": "\\out\\tests\\csext.test.js",
          "beforeHooks": [
            {
              "title": "\"before all\" hook in \"CodeScene Ext smoke test\"",
              "fullTitle": "CodeScene Ext smoke test \"before all\" hook in \"CodeScene Ext smoke test\"",
              "timedOut": false,
              "duration": 103,
              "state": null,
              "speed": null,
              "pass": false,
              "fail": false,
              "pending": false,
              "context": null,
              "code": "await vscode_extension_tester_1.VSBrowser.instance.openResources();\nawait (0, generic_1.applyVSCodeWindowUpdate)();",
              "err": {},
              "uuid": "d5de6b54-091f-436b-af26-ecd53235a745",
              "parentUUID": "8d0b79ce-0b5e-4bcd-b915-391fb2c2d4f0",
              "isHook": true,
              "skipped": false
            }
          ],
          "afterHooks": [],
          "tests": [
            {
              "title": "Verify CodeScene Ext",
              "fullTitle": "CodeScene Ext smoke test Verify CodeScene Ext",
              "timedOut": false,
              "duration": 4689,
              "state": "passed",
              "speed": "slow",
              "pass": true,
              "fail": false,
              "pending": false,
              "context": null,
              "code": "await (0, workbench_1.workbenchCSHealthMonitorOpen)();\nconst csHealthMonitor = await new cshealthmonitor_page_1.CSHealthMonitorPage().init();\n(0, chai_1.expect)(await (await csHealthMonitor.find('title')).getText()).to.contain('Health Monitor');\n(0, chai_1.expect)(await csHealthMonitor.find('noCodeImpact', false)).to.exist;",
              "err": {},
              "uuid": "d5be176c-1466-490b-bbe2-96dcb96e939e",
              "parentUUID": "8d0b79ce-0b5e-4bcd-b915-391fb2c2d4f0",
              "isHook": false,
              "skipped": false
            }
          ],
          "suites": [],
          "passes": [
            "d5be176c-1466-490b-bbe2-96dcb96e939e"
          ],
          "failures": [],
          "pending": [],
          "skipped": [],
          "duration": 4689,
          "root": false,
          "rootEmpty": false,
          "_timeout": 60000000
        }
      ],
      "passes": [],
      "failures": [],
      "pending": [],
      "skipped": [],
      "duration": 0,
      "root": true,
      "rootEmpty": true,
      "_timeout": 60000000
    },
    {
      "uuid": "0a7d15fe-6379-4ab2-a2a5-741dcf0acc1c",
      "title": "",
      "fullFile": "G:\\work\\Customers\\CodeScene\\cs-ast\\out\\tests\\workbench.test.js",
      "file": "\\out\\tests\\workbench.test.js",
      "beforeHooks": [
        {
          "title": "\"before all\" hook in \"{root}\"",
          "fullTitle": "\"before all\" hook in \"{root}\"",
          "timedOut": false,
          "duration": 2916,
          "state": null,
          "speed": null,
          "pass": false,
          "fail": false,
          "pending": false,
          "context": null,
          "code": "this.timeout(180000);\nif (code.coverageEnabled) {\n    coverage = new coverage_1.Coverage();\n    await coverage.loadConfig();\n    process.env.NODE_V8_COVERAGE = coverage?.targetDir;\n}\nconst start = Date.now();\nconst binPath = process.platform === 'darwin' ? await self.createShortcut(code.getCodeFolder(), self.tmpLink) : self.chromeBin;\nawait browser.start(binPath);\nawait browser.openResources(...resources);\nawait browser.waitForWorkbench();\nconsole.log(`Browser ready in ${Date.now() - start} ms`);\nconsole.log('Launching tests...');",
          "err": {},
          "uuid": "d517f8c9-1d8f-45f0-adc3-4c6fee7a95ad",
          "parentUUID": "0a7d15fe-6379-4ab2-a2a5-741dcf0acc1c",
          "isHook": true,
          "skipped": false
        }
      ],
      "afterHooks": [
        {
          "title": "\"after all\" hook in \"{root}\"",
          "fullTitle": "\"after all\" hook in \"{root}\"",
          "timedOut": false,
          "duration": 348,
          "state": null,
          "speed": null,
          "pass": false,
          "fail": false,
          "pending": false,
          "context": null,
          "code": "this.timeout(180000);\nawait browser.quit();\nif (process.platform === 'darwin') {\n    if (await fs.pathExists(self.tmpLink)) {\n        try {\n            fs.unlinkSync(self.tmpLink);\n        }\n        catch (err) {\n            console.log(err);\n        }\n    }\n}\nif (code.coverageEnabled) {\n    await coverage?.write();\n}\ncode.uninstallExtension(self.cleanup);",
          "err": {},
          "uuid": "f0c4b597-12c1-4565-b7c5-dec01bc65a6c",
          "parentUUID": "0a7d15fe-6379-4ab2-a2a5-741dcf0acc1c",
          "isHook": true,
          "skipped": false
        },
        {
          "title": "\"after each\" hook in \"{root}\"",
          "fullTitle": "\"after each\" hook in \"{root}\"",
          "timedOut": false,
          "duration": 0,
          "state": null,
          "speed": null,
          "pass": false,
          "fail": false,
          "pending": false,
          "context": null,
          "code": "if (this.currentTest && this.currentTest.state !== 'passed') {\n    try {\n        const filename = (0, sanitize_filename_1.default)(this.currentTest.fullTitle());\n        await browser.takeScreenshot(filename);\n    }\n    catch (err) {\n        console.log('Screenshot capture failed.', err);\n    }\n}",
          "err": {},
          "uuid": "44f9e99f-9b81-4551-9cc6-90705e1491e9",
          "parentUUID": "0a7d15fe-6379-4ab2-a2a5-741dcf0acc1c",
          "isHook": true,
          "skipped": false
        }
      ],
      "tests": [],
      "suites": [
        {
          "uuid": "02c0dc6d-90ad-41bd-9073-48499daf0c8d",
          "title": "Workbench smoke test",
          "fullFile": "G:\\work\\Customers\\CodeScene\\cs-ast\\out\\tests\\workbench.test.js",
          "file": "\\out\\tests\\workbench.test.js",
          "beforeHooks": [
            {
              "title": "\"before all\" hook in \"Workbench smoke test\"",
              "fullTitle": "Workbench smoke test \"before all\" hook in \"Workbench smoke test\"",
              "timedOut": false,
              "duration": 187,
              "state": null,
              "speed": null,
              "pass": false,
              "fail": false,
              "pending": false,
              "context": null,
              "code": "// Ensure VS Code is ready before running assertions\nawait vscode_extension_tester_1.VSBrowser.instance.openResources();\nawait (0, generic_1.applyVSCodeWindowUpdate)();",
              "err": {},
              "uuid": "3c258f12-5042-48fb-b28c-82273c04e57c",
              "parentUUID": "02c0dc6d-90ad-41bd-9073-48499daf0c8d",
              "isHook": true,
              "skipped": false
            }
          ],
          "afterHooks": [],
          "tests": [
            {
              "title": "Verify vstest",
              "fullTitle": "Workbench smoke test Verify vstest",
              "timedOut": false,
              "duration": 236,
              "state": "passed",
              "speed": "slow",
              "pass": true,
              "fail": false,
              "pending": false,
              "context": null,
              "code": "const titleBar = await new vscode_extension_tester_1.Workbench().getTitleBar();\nconst title = await titleBar.getTitle();\n(0, chai_1.expect)(title).to.contain('Visual Studio Code');",
              "err": {},
              "uuid": "df789ced-1904-43b0-866a-bbb956851a16",
              "parentUUID": "02c0dc6d-90ad-41bd-9073-48499daf0c8d",
              "isHook": false,
              "skipped": false
            }
          ],
          "suites": [],
          "passes": [
            "df789ced-1904-43b0-866a-bbb956851a16"
          ],
          "failures": [],
          "pending": [],
          "skipped": [],
          "duration": 236,
          "root": false,
          "rootEmpty": false,
          "_timeout": 60000000
        }
      ],
      "passes": [],
      "failures": [],
      "pending": [],
      "skipped": [],
      "duration": 0,
      "root": true,
      "rootEmpty": true,
      "_timeout": 60000000
    },
    {
      "uuid": "1906b424-cab7-49ed-878d-ec4f1c42b6c5",
      "title": "",
      "fullFile": "G:\\work\\Customers\\CodeScene\\cs-ast\\out\\tests\\csext.ace.test.js",
      "file": "\\out\\tests\\csext.ace.test.js",
      "beforeHooks": [
        {
          "title": "\"before all\" hook in \"{root}\"",
          "fullTitle": "\"before all\" hook in \"{root}\"",
          "timedOut": false,
          "duration": 2834,
          "state": null,
          "speed": null,
          "pass": false,
          "fail": false,
          "pending": false,
          "context": null,
          "code": "this.timeout(180000);\nif (code.coverageEnabled) {\n    coverage = new coverage_1.Coverage();\n    await coverage.loadConfig();\n    process.env.NODE_V8_COVERAGE = coverage?.targetDir;\n}\nconst start = Date.now();\nconst binPath = process.platform === 'darwin' ? await self.createShortcut(code.getCodeFolder(), self.tmpLink) : self.chromeBin;\nawait browser.start(binPath);\nawait browser.openResources(...resources);\nawait browser.waitForWorkbench();\nconsole.log(`Browser ready in ${Date.now() - start} ms`);\nconsole.log('Launching tests...');",
          "err": {},
          "uuid": "ca145393-2fcd-46c0-bb9e-824a0281b9d3",
          "parentUUID": "1906b424-cab7-49ed-878d-ec4f1c42b6c5",
          "isHook": true,
          "skipped": false
        }
      ],
      "afterHooks": [
        {
          "title": "\"after all\" hook in \"{root}\"",
          "fullTitle": "\"after all\" hook in \"{root}\"",
          "timedOut": false,
          "duration": 441,
          "state": null,
          "speed": null,
          "pass": false,
          "fail": false,
          "pending": false,
          "context": null,
          "code": "this.timeout(180000);\nawait browser.quit();\nif (process.platform === 'darwin') {\n    if (await fs.pathExists(self.tmpLink)) {\n        try {\n            fs.unlinkSync(self.tmpLink);\n        }\n        catch (err) {\n            console.log(err);\n        }\n    }\n}\nif (code.coverageEnabled) {\n    await coverage?.write();\n}\ncode.uninstallExtension(self.cleanup);",
          "err": {},
          "uuid": "24310ea9-5bcb-48e5-91c1-6506868c9ddd",
          "parentUUID": "1906b424-cab7-49ed-878d-ec4f1c42b6c5",
          "isHook": true,
          "skipped": false
        },
        {
          "title": "\"after each\" hook in \"{root}\"",
          "fullTitle": "\"after each\" hook in \"{root}\"",
          "timedOut": false,
          "duration": 0,
          "state": null,
          "speed": null,
          "pass": false,
          "fail": false,
          "pending": false,
          "context": null,
          "code": "if (this.currentTest && this.currentTest.state !== 'passed') {\n    try {\n        const filename = (0, sanitize_filename_1.default)(this.currentTest.fullTitle());\n        await browser.takeScreenshot(filename);\n    }\n    catch (err) {\n        console.log('Screenshot capture failed.', err);\n    }\n}",
          "err": {},
          "uuid": "12a70c97-20a8-43bd-b4ec-923f13936445",
          "parentUUID": "1906b424-cab7-49ed-878d-ec4f1c42b6c5",
          "isHook": true,
          "skipped": false
        }
      ],
      "tests": [],
      "suites": [
        {
          "uuid": "6aba9330-b708-4379-b676-c3e12294c7c9",
          "title": "CodeScene Ext ACE",
          "fullFile": "G:\\work\\Customers\\CodeScene\\cs-ast\\out\\tests\\csext.ace.test.js",
          "file": "\\out\\tests\\csext.ace.test.js",
          "beforeHooks": [
            {
              "title": "\"before all\" hook in \"CodeScene Ext ACE\"",
              "fullTitle": "CodeScene Ext ACE \"before all\" hook in \"CodeScene Ext ACE\"",
              "timedOut": false,
              "duration": 3018,
              "state": null,
              "speed": null,
              "pass": false,
              "fail": false,
              "pending": false,
              "context": null,
              "code": "await vscode_extension_tester_1.VSBrowser.instance.openResources(projectDir);\nawait (0, generic_1.commandExecute)(projectDir, 'git', 'restore', '.');\nawait (0, generic_1.applyVSCodeWindowUpdate)();",
              "err": {},
              "uuid": "dd940c18-7dd6-4eb2-8213-45764b2498a6",
              "parentUUID": "6aba9330-b708-4379-b676-c3e12294c7c9",
              "isHook": true,
              "skipped": false
            }
          ],
          "afterHooks": [
            {
              "title": "\"after each\" hook in \"CodeScene Ext ACE\"",
              "fullTitle": "CodeScene Ext ACE \"after each\" hook in \"CodeScene Ext ACE\"",
              "timedOut": false,
              "duration": 248,
              "state": null,
              "speed": null,
              "pass": false,
              "fail": false,
              "pending": false,
              "context": null,
              "code": "await (0, generic_1.commandExecute)(projectDir, 'git', 'restore', '.');",
              "err": {},
              "uuid": "f31de7ae-bcbe-4997-b94f-c9d2b076669d",
              "parentUUID": "6aba9330-b708-4379-b676-c3e12294c7c9",
              "isHook": true,
              "skipped": false
            }
          ],
          "tests": [
            {
              "title": "Verify CS ACE view",
              "fullTitle": "CodeScene Ext ACE Verify CS ACE view",
              "timedOut": false,
              "duration": 11707,
              "state": "passed",
              "speed": "slow",
              "pass": true,
              "fail": false,
              "pending": false,
              "context": null,
              "code": "await (0, workbench_1.workbenchCSHealthMonitorOpen)();\nawait (0, workbench_1.workbenchExplorerOpen)();\nawait (0, explorer_1.explorerFileEdit)(['Controllers', 'SessionController'], { fromLine: 8, toLine: 8, snippet: '\\n\\n\\n' });\nawait (0, workbench_1.workbenchCSHealthMonitorOpen)();\nconst csHealthMonitor = await new cshealthmonitor_page_1.CSHealthMonitorPage().init();\n(0, chai_1.expect)(await (await csHealthMonitor.find('title')).getText()).to.contain('Health Monitor');\nvar impactFile;\nconst assertionStart = performance.now();\nawait (0, repeat_1.runWithRetry)(async () => {\n    impactFile = await csHealthMonitor.find('impactFile [matching: SessionController]');\n    (0, chai_1.expect)(impactFile).to.exist;\n});\n(0, chai_1.expect)(performance.now() - assertionStart).to.be.below(5000);\nawait impactFile.click();\nawait (0, repeat_1.runWithRetry)(async () => {\n    await (await csHealthMonitor.find('impactFunction [matching: GetApp]')).click();\n    await (await csHealthMonitor.find('autoRefactor')).click();\n});\nvar csACE = await new csace_page_1.CSACEPage().init();\n(0, chai_1.expect)(await csACE.find('impactFile [matching: SessionController]')).to.exist;\nawait (await csACE.find('enableACE')).click();\nawait csACE.init(); // re-enter correct frame\n(0, chai_1.expect)(await csACE.find('acceptAutoRefactor')).to.exist;",
              "err": {},
              "uuid": "3407d97e-f1d7-4634-89b3-28d6cc87eaf6",
              "parentUUID": "6aba9330-b708-4379-b676-c3e12294c7c9",
              "isHook": false,
              "skipped": false
            }
          ],
          "suites": [],
          "passes": [
            "3407d97e-f1d7-4634-89b3-28d6cc87eaf6"
          ],
          "failures": [],
          "pending": [],
          "skipped": [],
          "duration": 11707,
          "root": false,
          "rootEmpty": false,
          "_timeout": 60000000
        }
      ],
      "passes": [],
      "failures": [],
      "pending": [],
      "skipped": [],
      "duration": 0,
      "root": true,
      "rootEmpty": true,
      "_timeout": 60000000
    }
  ],
  "meta": {
    "mocha": {
      "version": "10.8.2"
    },
    "mochawesome": {
      "options": {
        "quiet": true,
        "reportFilename": "report",
        "saveHtml": false,
        "saveJson": true,
        "consoleReporter": "spec",
        "useInlineDiffs": false,
        "code": true
      },
      "version": "7.1.4"
    },
    "marge": {
      "options": {
        "reportDir": "reports/mochawesome",
        "reportFilename": "report",
        "overwrite": false,
        "html": false,
        "json": true,
        "quiet": true,
        "timestamp": false
      },
      "version": "6.3.2"
    }
  }
}