{
  "stats": {
    "suites": 1,
    "tests": 1,
    "passes": 1,
    "pending": 0,
    "failures": 0,
    "start": "2025-12-18T11:05:12.772Z",
    "end": "2025-12-18T11:05:20.549Z",
    "duration": 7777,
    "testsRegistered": 1,
    "passPercent": 100,
    "pendingPercent": 0,
    "other": 0,
    "hasOther": false,
    "skipped": 0,
    "hasSkipped": false
  },
  "results": [
    {
      "uuid": "e255dd60-6e56-4f1c-a5a6-b07d02300b48",
      "title": "",
      "fullFile": "G:\\work\\Customers\\CodeScene\\cs-ast\\out\\tests\\csext.test.js",
      "file": "\\out\\tests\\csext.test.js",
      "beforeHooks": [
        {
          "title": "\"before all\" hook in \"{root}\"",
          "fullTitle": "\"before all\" hook in \"{root}\"",
          "timedOut": false,
          "duration": 2694,
          "state": null,
          "speed": null,
          "pass": false,
          "fail": false,
          "pending": false,
          "context": null,
          "code": "this.timeout(180000);\nif (code.coverageEnabled) {\n    coverage = new coverage_1.Coverage();\n    await coverage.loadConfig();\n    process.env.NODE_V8_COVERAGE = coverage?.targetDir;\n}\nconst start = Date.now();\nconst binPath = process.platform === 'darwin' ? await self.createShortcut(code.getCodeFolder(), self.tmpLink) : self.chromeBin;\nawait browser.start(binPath);\nawait browser.openResources(...resources);\nawait browser.waitForWorkbench();\nconsole.log(`Browser ready in ${Date.now() - start} ms`);\nconsole.log('Launching tests...');",
          "err": {},
          "uuid": "d3ab7e50-079e-40bd-bac3-fb4789e674da",
          "parentUUID": "e255dd60-6e56-4f1c-a5a6-b07d02300b48",
          "isHook": true,
          "skipped": false
        }
      ],
      "afterHooks": [
        {
          "title": "\"after all\" hook in \"{root}\"",
          "fullTitle": "\"after all\" hook in \"{root}\"",
          "timedOut": false,
          "duration": 286,
          "state": null,
          "speed": null,
          "pass": false,
          "fail": false,
          "pending": false,
          "context": null,
          "code": "this.timeout(180000);\nawait browser.quit();\nif (process.platform === 'darwin') {\n    if (await fs.pathExists(self.tmpLink)) {\n        try {\n            fs.unlinkSync(self.tmpLink);\n        }\n        catch (err) {\n            console.log(err);\n        }\n    }\n}\nif (code.coverageEnabled) {\n    await coverage?.write();\n}\ncode.uninstallExtension(self.cleanup);",
          "err": {},
          "uuid": "6a173712-24e3-4c84-904b-0486d7b68ed3",
          "parentUUID": "e255dd60-6e56-4f1c-a5a6-b07d02300b48",
          "isHook": true,
          "skipped": false
        },
        {
          "title": "\"after each\" hook in \"{root}\"",
          "fullTitle": "\"after each\" hook in \"{root}\"",
          "timedOut": false,
          "duration": 1,
          "state": null,
          "speed": null,
          "pass": false,
          "fail": false,
          "pending": false,
          "context": null,
          "code": "if (this.currentTest && this.currentTest.state !== 'passed') {\n    try {\n        const filename = (0, sanitize_filename_1.default)(this.currentTest.fullTitle());\n        await browser.takeScreenshot(filename);\n    }\n    catch (err) {\n        console.log('Screenshot capture failed.', err);\n    }\n}",
          "err": {},
          "uuid": "cce5b2e0-f3fd-4d64-b61a-9e619c469cd0",
          "parentUUID": "e255dd60-6e56-4f1c-a5a6-b07d02300b48",
          "isHook": true,
          "skipped": false
        }
      ],
      "tests": [],
      "suites": [
        {
          "uuid": "8d0b79ce-0b5e-4bcd-b915-391fb2c2d4f0",
          "title": "CodeScene Ext smoke test",
          "fullFile": "G:\\work\\Customers\\CodeScene\\cs-ast\\out\\tests\\csext.test.js",
          "file": "\\out\\tests\\csext.test.js",
          "beforeHooks": [
            {
              "title": "\"before all\" hook in \"CodeScene Ext smoke test\"",
              "fullTitle": "CodeScene Ext smoke test \"before all\" hook in \"CodeScene Ext smoke test\"",
              "timedOut": false,
              "duration": 103,
              "state": null,
              "speed": null,
              "pass": false,
              "fail": false,
              "pending": false,
              "context": null,
              "code": "await vscode_extension_tester_1.VSBrowser.instance.openResources();\nawait (0, generic_1.applyVSCodeWindowUpdate)();",
              "err": {},
              "uuid": "d5de6b54-091f-436b-af26-ecd53235a745",
              "parentUUID": "8d0b79ce-0b5e-4bcd-b915-391fb2c2d4f0",
              "isHook": true,
              "skipped": false
            }
          ],
          "afterHooks": [],
          "tests": [
            {
              "title": "Verify CodeScene Ext",
              "fullTitle": "CodeScene Ext smoke test Verify CodeScene Ext",
              "timedOut": false,
              "duration": 4689,
              "state": "passed",
              "speed": "slow",
              "pass": true,
              "fail": false,
              "pending": false,
              "context": null,
              "code": "await (0, workbench_1.workbenchCSHealthMonitorOpen)();\nconst csHealthMonitor = await new cshealthmonitor_page_1.CSHealthMonitorPage().init();\n(0, chai_1.expect)(await (await csHealthMonitor.find('title')).getText()).to.contain('Health Monitor');\n(0, chai_1.expect)(await csHealthMonitor.find('noCodeImpact', false)).to.exist;",
              "err": {},
              "uuid": "d5be176c-1466-490b-bbe2-96dcb96e939e",
              "parentUUID": "8d0b79ce-0b5e-4bcd-b915-391fb2c2d4f0",
              "isHook": false,
              "skipped": false
            }
          ],
          "suites": [],
          "passes": [
            "d5be176c-1466-490b-bbe2-96dcb96e939e"
          ],
          "failures": [],
          "pending": [],
          "skipped": [],
          "duration": 4689,
          "root": false,
          "rootEmpty": false,
          "_timeout": 60000000
        }
      ],
      "passes": [],
      "failures": [],
      "pending": [],
      "skipped": [],
      "duration": 0,
      "root": true,
      "rootEmpty": true,
      "_timeout": 60000000
    }
  ],
  "meta": {
    "mocha": {
      "version": "10.8.2"
    },
    "mochawesome": {
      "options": {
        "quiet": true,
        "reportFilename": "report",
        "saveHtml": false,
        "saveJson": true,
        "consoleReporter": "spec",
        "useInlineDiffs": false,
        "code": true
      },
      "version": "7.1.4"
    },
    "marge": {
      "options": {
        "reportDir": "reports/mochawesome",
        "reportFilename": "report",
        "overwrite": false,
        "html": false,
        "json": true,
        "quiet": true,
        "timestamp": false
      },
      "version": "6.3.2"
    }
  }
}