{
  "stats": {
    "suites": 1,
    "tests": 1,
    "passes": 1,
    "pending": 0,
    "failures": 0,
    "start": "2025-12-18T11:04:21.107Z",
    "end": "2025-12-18T11:04:39.359Z",
    "duration": 18252,
    "testsRegistered": 1,
    "passPercent": 100,
    "pendingPercent": 0,
    "other": 0,
    "hasOther": false,
    "skipped": 0,
    "hasSkipped": false
  },
  "results": [
    {
      "uuid": "1906b424-cab7-49ed-878d-ec4f1c42b6c5",
      "title": "",
      "fullFile": "G:\\work\\Customers\\CodeScene\\cs-ast\\out\\tests\\csext.ace.test.js",
      "file": "\\out\\tests\\csext.ace.test.js",
      "beforeHooks": [
        {
          "title": "\"before all\" hook in \"{root}\"",
          "fullTitle": "\"before all\" hook in \"{root}\"",
          "timedOut": false,
          "duration": 2834,
          "state": null,
          "speed": null,
          "pass": false,
          "fail": false,
          "pending": false,
          "context": null,
          "code": "this.timeout(180000);\nif (code.coverageEnabled) {\n    coverage = new coverage_1.Coverage();\n    await coverage.loadConfig();\n    process.env.NODE_V8_COVERAGE = coverage?.targetDir;\n}\nconst start = Date.now();\nconst binPath = process.platform === 'darwin' ? await self.createShortcut(code.getCodeFolder(), self.tmpLink) : self.chromeBin;\nawait browser.start(binPath);\nawait browser.openResources(...resources);\nawait browser.waitForWorkbench();\nconsole.log(`Browser ready in ${Date.now() - start} ms`);\nconsole.log('Launching tests...');",
          "err": {},
          "uuid": "ca145393-2fcd-46c0-bb9e-824a0281b9d3",
          "parentUUID": "1906b424-cab7-49ed-878d-ec4f1c42b6c5",
          "isHook": true,
          "skipped": false
        }
      ],
      "afterHooks": [
        {
          "title": "\"after all\" hook in \"{root}\"",
          "fullTitle": "\"after all\" hook in \"{root}\"",
          "timedOut": false,
          "duration": 441,
          "state": null,
          "speed": null,
          "pass": false,
          "fail": false,
          "pending": false,
          "context": null,
          "code": "this.timeout(180000);\nawait browser.quit();\nif (process.platform === 'darwin') {\n    if (await fs.pathExists(self.tmpLink)) {\n        try {\n            fs.unlinkSync(self.tmpLink);\n        }\n        catch (err) {\n            console.log(err);\n        }\n    }\n}\nif (code.coverageEnabled) {\n    await coverage?.write();\n}\ncode.uninstallExtension(self.cleanup);",
          "err": {},
          "uuid": "24310ea9-5bcb-48e5-91c1-6506868c9ddd",
          "parentUUID": "1906b424-cab7-49ed-878d-ec4f1c42b6c5",
          "isHook": true,
          "skipped": false
        },
        {
          "title": "\"after each\" hook in \"{root}\"",
          "fullTitle": "\"after each\" hook in \"{root}\"",
          "timedOut": false,
          "duration": 0,
          "state": null,
          "speed": null,
          "pass": false,
          "fail": false,
          "pending": false,
          "context": null,
          "code": "if (this.currentTest && this.currentTest.state !== 'passed') {\n    try {\n        const filename = (0, sanitize_filename_1.default)(this.currentTest.fullTitle());\n        await browser.takeScreenshot(filename);\n    }\n    catch (err) {\n        console.log('Screenshot capture failed.', err);\n    }\n}",
          "err": {},
          "uuid": "12a70c97-20a8-43bd-b4ec-923f13936445",
          "parentUUID": "1906b424-cab7-49ed-878d-ec4f1c42b6c5",
          "isHook": true,
          "skipped": false
        }
      ],
      "tests": [],
      "suites": [
        {
          "uuid": "6aba9330-b708-4379-b676-c3e12294c7c9",
          "title": "CodeScene Ext ACE",
          "fullFile": "G:\\work\\Customers\\CodeScene\\cs-ast\\out\\tests\\csext.ace.test.js",
          "file": "\\out\\tests\\csext.ace.test.js",
          "beforeHooks": [
            {
              "title": "\"before all\" hook in \"CodeScene Ext ACE\"",
              "fullTitle": "CodeScene Ext ACE \"before all\" hook in \"CodeScene Ext ACE\"",
              "timedOut": false,
              "duration": 3018,
              "state": null,
              "speed": null,
              "pass": false,
              "fail": false,
              "pending": false,
              "context": null,
              "code": "await vscode_extension_tester_1.VSBrowser.instance.openResources(projectDir);\nawait (0, generic_1.commandExecute)(projectDir, 'git', 'restore', '.');\nawait (0, generic_1.applyVSCodeWindowUpdate)();",
              "err": {},
              "uuid": "dd940c18-7dd6-4eb2-8213-45764b2498a6",
              "parentUUID": "6aba9330-b708-4379-b676-c3e12294c7c9",
              "isHook": true,
              "skipped": false
            }
          ],
          "afterHooks": [
            {
              "title": "\"after each\" hook in \"CodeScene Ext ACE\"",
              "fullTitle": "CodeScene Ext ACE \"after each\" hook in \"CodeScene Ext ACE\"",
              "timedOut": false,
              "duration": 248,
              "state": null,
              "speed": null,
              "pass": false,
              "fail": false,
              "pending": false,
              "context": null,
              "code": "await (0, generic_1.commandExecute)(projectDir, 'git', 'restore', '.');",
              "err": {},
              "uuid": "f31de7ae-bcbe-4997-b94f-c9d2b076669d",
              "parentUUID": "6aba9330-b708-4379-b676-c3e12294c7c9",
              "isHook": true,
              "skipped": false
            }
          ],
          "tests": [
            {
              "title": "Verify CS ACE view",
              "fullTitle": "CodeScene Ext ACE Verify CS ACE view",
              "timedOut": false,
              "duration": 11707,
              "state": "passed",
              "speed": "slow",
              "pass": true,
              "fail": false,
              "pending": false,
              "context": null,
              "code": "await (0, workbench_1.workbenchCSHealthMonitorOpen)();\nawait (0, workbench_1.workbenchExplorerOpen)();\nawait (0, explorer_1.explorerFileEdit)(['Controllers', 'SessionController'], { fromLine: 8, toLine: 8, snippet: '\\n\\n\\n' });\nawait (0, workbench_1.workbenchCSHealthMonitorOpen)();\nconst csHealthMonitor = await new cshealthmonitor_page_1.CSHealthMonitorPage().init();\n(0, chai_1.expect)(await (await csHealthMonitor.find('title')).getText()).to.contain('Health Monitor');\nvar impactFile;\nconst assertionStart = performance.now();\nawait (0, repeat_1.runWithRetry)(async () => {\n    impactFile = await csHealthMonitor.find('impactFile [matching: SessionController]');\n    (0, chai_1.expect)(impactFile).to.exist;\n});\n(0, chai_1.expect)(performance.now() - assertionStart).to.be.below(5000);\nawait impactFile.click();\nawait (0, repeat_1.runWithRetry)(async () => {\n    await (await csHealthMonitor.find('impactFunction [matching: GetApp]')).click();\n    await (await csHealthMonitor.find('autoRefactor')).click();\n});\nvar csACE = await new csace_page_1.CSACEPage().init();\n(0, chai_1.expect)(await csACE.find('impactFile [matching: SessionController]')).to.exist;\nawait (await csACE.find('enableACE')).click();\nawait csACE.init(); // re-enter correct frame\n(0, chai_1.expect)(await csACE.find('acceptAutoRefactor')).to.exist;",
              "err": {},
              "uuid": "3407d97e-f1d7-4634-89b3-28d6cc87eaf6",
              "parentUUID": "6aba9330-b708-4379-b676-c3e12294c7c9",
              "isHook": false,
              "skipped": false
            }
          ],
          "suites": [],
          "passes": [
            "3407d97e-f1d7-4634-89b3-28d6cc87eaf6"
          ],
          "failures": [],
          "pending": [],
          "skipped": [],
          "duration": 11707,
          "root": false,
          "rootEmpty": false,
          "_timeout": 60000000
        }
      ],
      "passes": [],
      "failures": [],
      "pending": [],
      "skipped": [],
      "duration": 0,
      "root": true,
      "rootEmpty": true,
      "_timeout": 60000000
    }
  ],
  "meta": {
    "mocha": {
      "version": "10.8.2"
    },
    "mochawesome": {
      "options": {
        "quiet": true,
        "reportFilename": "report",
        "saveHtml": false,
        "saveJson": true,
        "consoleReporter": "spec",
        "useInlineDiffs": false,
        "code": true
      },
      "version": "7.1.4"
    },
    "marge": {
      "options": {
        "reportDir": "reports/mochawesome",
        "reportFilename": "report",
        "overwrite": false,
        "html": false,
        "json": true,
        "quiet": true,
        "timestamp": false
      },
      "version": "6.3.2"
    }
  }
}