{
  "stats": {
    "suites": 1,
    "tests": 1,
    "passes": 1,
    "pending": 0,
    "failures": 0,
    "start": "2025-12-18T11:05:25.356Z",
    "end": "2025-12-18T11:05:29.053Z",
    "duration": 3697,
    "testsRegistered": 1,
    "passPercent": 100,
    "pendingPercent": 0,
    "other": 0,
    "hasOther": false,
    "skipped": 0,
    "hasSkipped": false
  },
  "results": [
    {
      "uuid": "0a7d15fe-6379-4ab2-a2a5-741dcf0acc1c",
      "title": "",
      "fullFile": "G:\\work\\Customers\\CodeScene\\cs-ast\\out\\tests\\workbench.test.js",
      "file": "\\out\\tests\\workbench.test.js",
      "beforeHooks": [
        {
          "title": "\"before all\" hook in \"{root}\"",
          "fullTitle": "\"before all\" hook in \"{root}\"",
          "timedOut": false,
          "duration": 2916,
          "state": null,
          "speed": null,
          "pass": false,
          "fail": false,
          "pending": false,
          "context": null,
          "code": "this.timeout(180000);\nif (code.coverageEnabled) {\n    coverage = new coverage_1.Coverage();\n    await coverage.loadConfig();\n    process.env.NODE_V8_COVERAGE = coverage?.targetDir;\n}\nconst start = Date.now();\nconst binPath = process.platform === 'darwin' ? await self.createShortcut(code.getCodeFolder(), self.tmpLink) : self.chromeBin;\nawait browser.start(binPath);\nawait browser.openResources(...resources);\nawait browser.waitForWorkbench();\nconsole.log(`Browser ready in ${Date.now() - start} ms`);\nconsole.log('Launching tests...');",
          "err": {},
          "uuid": "d517f8c9-1d8f-45f0-adc3-4c6fee7a95ad",
          "parentUUID": "0a7d15fe-6379-4ab2-a2a5-741dcf0acc1c",
          "isHook": true,
          "skipped": false
        }
      ],
      "afterHooks": [
        {
          "title": "\"after all\" hook in \"{root}\"",
          "fullTitle": "\"after all\" hook in \"{root}\"",
          "timedOut": false,
          "duration": 348,
          "state": null,
          "speed": null,
          "pass": false,
          "fail": false,
          "pending": false,
          "context": null,
          "code": "this.timeout(180000);\nawait browser.quit();\nif (process.platform === 'darwin') {\n    if (await fs.pathExists(self.tmpLink)) {\n        try {\n            fs.unlinkSync(self.tmpLink);\n        }\n        catch (err) {\n            console.log(err);\n        }\n    }\n}\nif (code.coverageEnabled) {\n    await coverage?.write();\n}\ncode.uninstallExtension(self.cleanup);",
          "err": {},
          "uuid": "f0c4b597-12c1-4565-b7c5-dec01bc65a6c",
          "parentUUID": "0a7d15fe-6379-4ab2-a2a5-741dcf0acc1c",
          "isHook": true,
          "skipped": false
        },
        {
          "title": "\"after each\" hook in \"{root}\"",
          "fullTitle": "\"after each\" hook in \"{root}\"",
          "timedOut": false,
          "duration": 0,
          "state": null,
          "speed": null,
          "pass": false,
          "fail": false,
          "pending": false,
          "context": null,
          "code": "if (this.currentTest && this.currentTest.state !== 'passed') {\n    try {\n        const filename = (0, sanitize_filename_1.default)(this.currentTest.fullTitle());\n        await browser.takeScreenshot(filename);\n    }\n    catch (err) {\n        console.log('Screenshot capture failed.', err);\n    }\n}",
          "err": {},
          "uuid": "44f9e99f-9b81-4551-9cc6-90705e1491e9",
          "parentUUID": "0a7d15fe-6379-4ab2-a2a5-741dcf0acc1c",
          "isHook": true,
          "skipped": false
        }
      ],
      "tests": [],
      "suites": [
        {
          "uuid": "02c0dc6d-90ad-41bd-9073-48499daf0c8d",
          "title": "Workbench smoke test",
          "fullFile": "G:\\work\\Customers\\CodeScene\\cs-ast\\out\\tests\\workbench.test.js",
          "file": "\\out\\tests\\workbench.test.js",
          "beforeHooks": [
            {
              "title": "\"before all\" hook in \"Workbench smoke test\"",
              "fullTitle": "Workbench smoke test \"before all\" hook in \"Workbench smoke test\"",
              "timedOut": false,
              "duration": 187,
              "state": null,
              "speed": null,
              "pass": false,
              "fail": false,
              "pending": false,
              "context": null,
              "code": "// Ensure VS Code is ready before running assertions\nawait vscode_extension_tester_1.VSBrowser.instance.openResources();\nawait (0, generic_1.applyVSCodeWindowUpdate)();",
              "err": {},
              "uuid": "3c258f12-5042-48fb-b28c-82273c04e57c",
              "parentUUID": "02c0dc6d-90ad-41bd-9073-48499daf0c8d",
              "isHook": true,
              "skipped": false
            }
          ],
          "afterHooks": [],
          "tests": [
            {
              "title": "Verify vstest",
              "fullTitle": "Workbench smoke test Verify vstest",
              "timedOut": false,
              "duration": 236,
              "state": "passed",
              "speed": "slow",
              "pass": true,
              "fail": false,
              "pending": false,
              "context": null,
              "code": "const titleBar = await new vscode_extension_tester_1.Workbench().getTitleBar();\nconst title = await titleBar.getTitle();\n(0, chai_1.expect)(title).to.contain('Visual Studio Code');",
              "err": {},
              "uuid": "df789ced-1904-43b0-866a-bbb956851a16",
              "parentUUID": "02c0dc6d-90ad-41bd-9073-48499daf0c8d",
              "isHook": false,
              "skipped": false
            }
          ],
          "suites": [],
          "passes": [
            "df789ced-1904-43b0-866a-bbb956851a16"
          ],
          "failures": [],
          "pending": [],
          "skipped": [],
          "duration": 236,
          "root": false,
          "rootEmpty": false,
          "_timeout": 60000000
        }
      ],
      "passes": [],
      "failures": [],
      "pending": [],
      "skipped": [],
      "duration": 0,
      "root": true,
      "rootEmpty": true,
      "_timeout": 60000000
    }
  ],
  "meta": {
    "mocha": {
      "version": "10.8.2"
    },
    "mochawesome": {
      "options": {
        "quiet": true,
        "reportFilename": "report",
        "saveHtml": false,
        "saveJson": true,
        "consoleReporter": "spec",
        "useInlineDiffs": false,
        "code": true
      },
      "version": "7.1.4"
    },
    "marge": {
      "options": {
        "reportDir": "reports/mochawesome",
        "reportFilename": "report",
        "overwrite": false,
        "html": false,
        "json": true,
        "quiet": true,
        "timestamp": false
      },
      "version": "6.3.2"
    }
  }
}