{
  "stats": {
    "suites": 1,
    "tests": 1,
    "passes": 1,
    "pending": 0,
    "failures": 0,
    "start": "2025-12-18T11:04:44.011Z",
    "end": "2025-12-18T11:05:08.075Z",
    "duration": 24064,
    "testsRegistered": 1,
    "passPercent": 100,
    "pendingPercent": 0,
    "other": 0,
    "hasOther": false,
    "skipped": 0,
    "hasSkipped": false
  },
  "results": [
    {
      "uuid": "f24708d5-ae98-4ba8-b369-2f47fb761762",
      "title": "",
      "fullFile": "G:\\work\\Customers\\CodeScene\\cs-ast\\out\\tests\\csext.healthmon.test.js",
      "file": "\\out\\tests\\csext.healthmon.test.js",
      "beforeHooks": [
        {
          "title": "\"before all\" hook in \"{root}\"",
          "fullTitle": "\"before all\" hook in \"{root}\"",
          "timedOut": false,
          "duration": 2965,
          "state": null,
          "speed": null,
          "pass": false,
          "fail": false,
          "pending": false,
          "context": null,
          "code": "this.timeout(180000);\nif (code.coverageEnabled) {\n    coverage = new coverage_1.Coverage();\n    await coverage.loadConfig();\n    process.env.NODE_V8_COVERAGE = coverage?.targetDir;\n}\nconst start = Date.now();\nconst binPath = process.platform === 'darwin' ? await self.createShortcut(code.getCodeFolder(), self.tmpLink) : self.chromeBin;\nawait browser.start(binPath);\nawait browser.openResources(...resources);\nawait browser.waitForWorkbench();\nconsole.log(`Browser ready in ${Date.now() - start} ms`);\nconsole.log('Launching tests...');",
          "err": {},
          "uuid": "a292931d-7938-4805-9723-be2b74ac7e29",
          "parentUUID": "f24708d5-ae98-4ba8-b369-2f47fb761762",
          "isHook": true,
          "skipped": false
        }
      ],
      "afterHooks": [
        {
          "title": "\"after all\" hook in \"{root}\"",
          "fullTitle": "\"after all\" hook in \"{root}\"",
          "timedOut": false,
          "duration": 454,
          "state": null,
          "speed": null,
          "pass": false,
          "fail": false,
          "pending": false,
          "context": null,
          "code": "this.timeout(180000);\nawait browser.quit();\nif (process.platform === 'darwin') {\n    if (await fs.pathExists(self.tmpLink)) {\n        try {\n            fs.unlinkSync(self.tmpLink);\n        }\n        catch (err) {\n            console.log(err);\n        }\n    }\n}\nif (code.coverageEnabled) {\n    await coverage?.write();\n}\ncode.uninstallExtension(self.cleanup);",
          "err": {},
          "uuid": "f3202d45-d67b-416a-b338-4186bbef20e2",
          "parentUUID": "f24708d5-ae98-4ba8-b369-2f47fb761762",
          "isHook": true,
          "skipped": false
        },
        {
          "title": "\"after each\" hook in \"{root}\"",
          "fullTitle": "\"after each\" hook in \"{root}\"",
          "timedOut": false,
          "duration": 0,
          "state": null,
          "speed": null,
          "pass": false,
          "fail": false,
          "pending": false,
          "context": null,
          "code": "if (this.currentTest && this.currentTest.state !== 'passed') {\n    try {\n        const filename = (0, sanitize_filename_1.default)(this.currentTest.fullTitle());\n        await browser.takeScreenshot(filename);\n    }\n    catch (err) {\n        console.log('Screenshot capture failed.', err);\n    }\n}",
          "err": {},
          "uuid": "c07ce112-dd55-4191-8d06-8229422cfbcf",
          "parentUUID": "f24708d5-ae98-4ba8-b369-2f47fb761762",
          "isHook": true,
          "skipped": false
        }
      ],
      "tests": [],
      "suites": [
        {
          "uuid": "b0646bd8-4269-4d2d-bfd6-080e479bdda7",
          "title": "CodeScene Ext Health Monitor",
          "fullFile": "G:\\work\\Customers\\CodeScene\\cs-ast\\out\\tests\\csext.healthmon.test.js",
          "file": "\\out\\tests\\csext.healthmon.test.js",
          "beforeHooks": [
            {
              "title": "\"before all\" hook in \"CodeScene Ext Health Monitor\"",
              "fullTitle": "CodeScene Ext Health Monitor \"before all\" hook in \"CodeScene Ext Health Monitor\"",
              "timedOut": false,
              "duration": 3257,
              "state": null,
              "speed": null,
              "pass": false,
              "fail": false,
              "pending": false,
              "context": null,
              "code": "await vscode_extension_tester_1.VSBrowser.instance.openResources(projectDir);\nawait (0, generic_1.commandExecute)(projectDir, 'git', 'restore', '.');\nawait (0, generic_1.applyVSCodeWindowUpdate)();",
              "err": {},
              "uuid": "d1ff511f-4867-4a1a-a358-3a4b6c57ae6e",
              "parentUUID": "b0646bd8-4269-4d2d-bfd6-080e479bdda7",
              "isHook": true,
              "skipped": false
            }
          ],
          "afterHooks": [
            {
              "title": "\"after each\" hook in \"CodeScene Ext Health Monitor\"",
              "fullTitle": "CodeScene Ext Health Monitor \"after each\" hook in \"CodeScene Ext Health Monitor\"",
              "timedOut": false,
              "duration": 215,
              "state": null,
              "speed": null,
              "pass": false,
              "fail": false,
              "pending": false,
              "context": null,
              "code": "await (0, generic_1.commandExecute)(projectDir, 'git', 'restore', '.');",
              "err": {},
              "uuid": "7757d619-c9dc-4f37-8c5c-9125f2ebda4a",
              "parentUUID": "b0646bd8-4269-4d2d-bfd6-080e479bdda7",
              "isHook": true,
              "skipped": false
            }
          ],
          "tests": [
            {
              "title": "Verify CS Health Monitor analysis for file update",
              "fullTitle": "CodeScene Ext Health Monitor Verify CS Health Monitor analysis for file update",
              "timedOut": false,
              "duration": 17168,
              "state": "passed",
              "speed": "slow",
              "pass": true,
              "fail": false,
              "pending": false,
              "context": null,
              "code": "await (0, workbench_1.workbenchCSHealthMonitorOpen)();\nawait (0, workbench_1.workbenchExplorerOpen)();\nawait (0, explorer_1.explorerFileEdit)(['Controllers', 'SessionController'], { fromLine: 8, toLine: 8, snippet: '\\n\\n\\n' });\nawait (0, workbench_1.workbenchCSHealthMonitorOpen)();\nconst csHealthMonitor = await new cshealthmonitor_page_1.CSHealthMonitorPage().init();\n(0, chai_1.expect)(await (await csHealthMonitor.find('title')).getText()).to.contain('Health Monitor');\nconst performance = await (0, generic_1.measurePerformance)(async () => {\n    await (0, repeat_1.runWithRetry)(async () => {\n        (0, chai_1.expect)(await csHealthMonitor.find('noCodeImpact', false)).to.be.undefined;\n        (0, chai_1.expect)(await csHealthMonitor.find('negativeCodeImpact')).to.exist;\n        (0, chai_1.expect)(await csHealthMonitor.find('impactFile [matching: SessionController]')).to.exist;\n    });\n});\n(0, chai_1.expect)(performance).to.be.below(5000);\n// Simulate user reading the analysis\n// Verify that Health Monitor is still visible\nawait (0, generic_1.pauseTest)(10000);\n(0, chai_1.expect)(await (await csHealthMonitor.find('title')).getText()).to.contain('Health Monitor');",
              "err": {},
              "uuid": "758faec7-e169-4874-980e-ee0c5efa1e89",
              "parentUUID": "b0646bd8-4269-4d2d-bfd6-080e479bdda7",
              "isHook": false,
              "skipped": false
            }
          ],
          "suites": [],
          "passes": [
            "758faec7-e169-4874-980e-ee0c5efa1e89"
          ],
          "failures": [],
          "pending": [],
          "skipped": [],
          "duration": 17168,
          "root": false,
          "rootEmpty": false,
          "_timeout": 60000000
        }
      ],
      "passes": [],
      "failures": [],
      "pending": [],
      "skipped": [],
      "duration": 0,
      "root": true,
      "rootEmpty": true,
      "_timeout": 60000000
    }
  ],
  "meta": {
    "mocha": {
      "version": "10.8.2"
    },
    "mochawesome": {
      "options": {
        "quiet": true,
        "reportFilename": "report",
        "saveHtml": false,
        "saveJson": true,
        "consoleReporter": "spec",
        "useInlineDiffs": false,
        "code": true
      },
      "version": "7.1.4"
    },
    "marge": {
      "options": {
        "reportDir": "reports/mochawesome",
        "reportFilename": "report",
        "overwrite": false,
        "html": false,
        "json": true,
        "quiet": true,
        "timestamp": false
      },
      "version": "6.3.2"
    }
  }
}